<?xml version="1.0" encoding="UTF-8"?>
<testng-results ignored="0" total="1" passed="1" failed="0" skipped="0">
  <reporter-output>
  </reporter-output>
  <suite started-at="2024-01-16T22:29:31 EST" name="Regression" finished-at="2024-01-16T22:29:31 EST" duration-ms="49">
    <groups>
    </groups>
    <test started-at="2024-01-16T22:29:31 EST" name="DraypalMobile" finished-at="2024-01-16T22:29:31 EST" duration-ms="49">
      <class name="BasicTest">
        <test-method signature="baseTest()[pri:0, instance:BasicTest@5a63f509]" started-at="2024-01-16T22:29:31 EST" name="baseTest" finished-at="2024-01-16T22:29:31 EST" duration-ms="6" status="PASS">
          <reporter-output>
          </reporter-output>
        </test-method> <!-- baseTest -->
      </class> <!-- BasicTest -->
    </test> <!-- DraypalMobile -->
  </suite> <!-- Regression -->
</testng-results>
